Deleted: debug/incremental/file_sync-0hcms1xdx1qtq/s-h2uiverqtj-01oqcmn-18abh6amdq32rmi5f9n9ojj72/work-products.bin
Deleted: debug/.fingerprint/file-sync-7c5c02c22ab0a8ea/test-bin-file-sync.json
Deleted: debug/incremental/file_sync-0hcms1xdx1qtq/s-h2uiverqtj-01oqcmn-18abh6amdq32rmi5f9n9ojj72/f50n4o1hjwngf8abrz5zclijb.o
Deleted: debug/incremental/file_sync-0hcms1xdx1qtq/s-h2uiverqtj-01oqcmn-18abh6amdq32rmi5f9n9ojj72/8nuk1orqnpjyx7qjurkn2mnln.o
Deleted: debug/incremental/file_sync-0hcms1xdx1qtq/s-h2uiverqtj-01oqcmn-18abh6amdq32rmi5f9n9ojj72/c7quyuec5uhhfmxmfrdsx05a2.o
Deleted: debug/deps/walkdir-1dd1923acd2c1bf5.d
Deleted: debug/incremental/file_sync-0hcms1xdx1qtq/s-h2uiverqtj-01oqcmn-18abh6amdq32rmi5f9n9ojj72/6fn3l8w0fq6pm9ogmuo3zs6zz.o
Deleted: debug/.fingerprint/same-file-5669399e58eccd84/dep-lib-same_file
Deleted: debug/incremental/file_sync-0hcms1xdx1qtq/s-h2uiverqtj-01oqcmn-18abh6amdq32rmi5f9n9ojj72/dt9fg8y7cr4aalflxhmahfohg.o
Deleted: debug/incremental/file_sync-0hcms1xdx1qtq/s-h2uiverqtj-01oqcmn-18abh6amdq32rmi5f9n9ojj72/4lrzz689noex0f921opixbh7w.o
Deleted: debug/incremental/file_sync-0hcms1xdx1qtq/s-h2uiverqtj-01oqcmn-18abh6amdq32rmi5f9n9ojj72/dpd4b2k857hrx00xleihyk76h.o
Deleted: debug/incremental/file_sync-0hcms1xdx1qtq/s-h2uiverqtj-01oqcmn.lock
Deleted: debug/incremental/file_sync-0hcms1xdx1qtq/s-h2uiverqtj-01oqcmn-18abh6amdq32rmi5f9n9ojj72/3tzbyzvzzegdp6b9n3ix2fwhq.o
Deleted: debug/.fingerprint/file-sync-b1da40daf1aca4a1/dep-bin-file-sync
Deleted: debug/incremental/file_sync-0hcms1xdx1qtq/s-h2uiverqtj-01oqcmn-18abh6amdq32rmi5f9n9ojj72/9urb6dxm3a216ubgbviazoh5v.o
Deleted: debug/incremental/file_sync-0hcms1xdx1qtq/s-h2uiverqtj-01oqcmn-18abh6amdq32rmi5f9n9ojj72/8qr1gxmo7h1qohgwknxr7cnyc.o
Deleted: debug/incremental/file_sync-0hcms1xdx1qtq/s-h2uiverqtj-01oqcmn-18abh6amdq32rmi5f9n9ojj72/1zwkdobgvech6a5zzn2imki77.o
Deleted: debug/.fingerprint/file-sync-7c5c02c22ab0a8ea/dep-test-bin-file-sync
Deleted: debug/.fingerprint/same-file-bdfe0997754dbdef/dep-lib-same_file
Deleted: debug/deps/libsame_file-bdfe0997754dbdef.rmeta
Deleted: debug/deps/file_sync-b1da40daf1aca4a1.d
Deleted: debug/incremental/file_sync-0hcms1xdx1qtq/s-h2uiverqtj-01oqcmn-18abh6amdq32rmi5f9n9ojj72/query-cache.bin
Deleted: debug/incremental/file_sync-0hcms1xdx1qtq/s-h2uiverqtj-01oqcmn-18abh6amdq32rmi5f9n9ojj72/3bomkynmnw8j0j1ia06ta6oxz.o
Deleted: debug/incremental/file_sync-0hcms1xdx1qtq/s-h2uiverqtj-01oqcmn-18abh6amdq32rmi5f9n9ojj72/19wmek1fuasa1elgj5foun45f.o
Deleted: debug/deps/libwalkdir-1dd1923acd2c1bf5.rlib
Deleted: debug/deps/libfile_sync-7c5c02c22ab0a8ea.rmeta
Deleted: debug/deps/libsame_file-5669399e58eccd84.rmeta
Deleted: debug/incremental/file_sync-0hcms1xdx1qtq/s-h2uiverqtj-01oqcmn-18abh6amdq32rmi5f9n9ojj72/40myx1hclemh2hd9hmj6kb6v0.o
Deleted: debug/deps/same_file-bdfe0997754dbdef.d
Deleted: debug/deps/file_sync-ef80f64cc2a56fe6
Deleted: debug/incremental/file_sync-0hcms1xdx1qtq/s-h2uiverqtj-01oqcmn-18abh6amdq32rmi5f9n9ojj72/ck2ye86bdwgnfclnovfshhqwr.o
Deleted: debug/incremental/file_sync-0hcms1xdx1qtq/s-h2uiverqtj-01oqcmn-18abh6amdq32rmi5f9n9ojj72/991mq2u9fq230nrpeii3ksp7l.o
Deleted: debug/incremental/file_sync-0hcms1xdx1qtq/s-h2uiverqtj-01oqcmn-18abh6amdq32rmi5f9n9ojj72/dep-graph.bin
Deleted: debug/incremental/file_sync-0hcms1xdx1qtq/s-h2uiverqtj-01oqcmn-18abh6amdq32rmi5f9n9ojj72/dx1izo3m5xwdbtavzw0orebc2.o
Deleted: debug/incremental/file_sync-0hcms1xdx1qtq/s-h2uiverqtj-01oqcmn-18abh6amdq32rmi5f9n9ojj72/7nq2hn52sc5yvwt9pqo5uab95.o
Deleted: debug/.fingerprint/file-sync-7c5c02c22ab0a8ea/test-bin-file-sync
Deleted: debug/.fingerprint/same-file-bdfe0997754dbdef/lib-same_file
Deleted: debug/.fingerprint/file-sync-ef80f64cc2a56fe6/invoked.timestamp
Deleted: debug/incremental/file_sync-0hcms1xdx1qtq/s-h2uiverqtj-01oqcmn-18abh6amdq32rmi5f9n9ojj72/dshmvno1yzgv4na6uwfr46yb0.o
Deleted: debug/incremental/file_sync-0hcms1xdx1qtq/s-h2uiverqtj-01oqcmn-18abh6amdq32rmi5f9n9ojj72/eg0wiu01shvo9x9bd8qg6jqlm.o
Deleted: debug/incremental/file_sync-0hcms1xdx1qtq/s-h2uiverqtj-01oqcmn-18abh6amdq32rmi5f9n9ojj72/5pxvibvg0qwok84jl9si627av.o
Deleted: debug/incremental/file_sync-1zgzzmhgskd8v/s-h2uivdim4k-0t36zvb-0n3xycg4gxd9qx3ysczoxf42i/work-products.bin
Deleted: debug/deps/libfile_sync-b1da40daf1aca4a1.rmeta
Deleted: debug/.fingerprint/walkdir-1dd1923acd2c1bf5/dep-lib-walkdir
Deleted: debug/incremental/file_sync-0hcms1xdx1qtq/s-h2uiverqtj-01oqcmn-18abh6amdq32rmi5f9n9ojj72/betunkxlowoiurtvrzr3x9b46.o
Deleted: debug/.fingerprint/walkdir-380603b16d772d74/lib-walkdir
Deleted: debug/incremental/file_sync-1zgzzmhgskd8v/s-h2uivdim4k-0t36zvb-0n3xycg4gxd9qx3ysczoxf42i/query-cache.bin
Deleted: debug/incremental/file_sync-0hcms1xdx1qtq/s-h2uiverqtj-01oqcmn-18abh6amdq32rmi5f9n9ojj72/64rku7vyllpl22gu7mdlp94ax.o
Deleted: debug/.fingerprint/walkdir-380603b16d772d74/invoked.timestamp
Deleted: debug/incremental/file_sync-0hcms1xdx1qtq/s-h2uiverqtj-01oqcmn-18abh6amdq32rmi5f9n9ojj72/am41w8klzs2l89v5u4xcvjocz.o
Deleted: debug/incremental/file_sync-0hcms1xdx1qtq/s-h2uiverqtj-01oqcmn-18abh6amdq32rmi5f9n9ojj72/e96k0s00fkjx0i1ruhu2bvp1i.o
Deleted: debug/deps/libwalkdir-1dd1923acd2c1bf5.rmeta
Deleted: debug/incremental/file_sync-0hcms1xdx1qtq/s-h2uiverqtj-01oqcmn-18abh6amdq32rmi5f9n9ojj72/e7bmawr1l4v9xfzqad5st4yx8.o
Deleted: debug/incremental/file_sync-0hcms1xdx1qtq/s-h2uiverqtj-01oqcmn-18abh6amdq32rmi5f9n9ojj72/ciwpoundlq9jdg02astew6at0.o
Deleted: debug/incremental/file_sync-0hcms1xdx1qtq/s-h2uiverqtj-01oqcmn-18abh6amdq32rmi5f9n9ojj72/245pwews5h5nhoiign46lzsjb.o
Deleted: debug/incremental/file_sync-0hcms1xdx1qtq/s-h2uiverqtj-01oqcmn-18abh6amdq32rmi5f9n9ojj72/4pscnllmneubqhe0zbk5tunsk.o
Deleted: debug/incremental/file_sync-0hcms1xdx1qtq/s-h2uiverqtj-01oqcmn-18abh6amdq32rmi5f9n9ojj72/a6ozuid0rysgfj7dhiojoo6zn.o
Deleted: debug/deps/file_sync-7c5c02c22ab0a8ea.d
Deleted: debug/incremental/file_sync-0hcms1xdx1qtq/s-h2uiverqtj-01oqcmn-18abh6amdq32rmi5f9n9ojj72/50iyngb0xmta40guxqpyw31c5.o
Deleted: debug/incremental/file_sync-0hcms1xdx1qtq/s-h2uiverqtj-01oqcmn-18abh6amdq32rmi5f9n9ojj72/dg7y3uka4k8uzl9z58p13hc7o.o
Deleted: debug/incremental/file_sync-0hcms1xdx1qtq/s-h2uiverqtj-01oqcmn-18abh6amdq32rmi5f9n9ojj72/94scw1iagbyvd2a736vps3xql.o
Deleted: debug/.fingerprint/same-file-bdfe0997754dbdef/invoked.timestamp
Deleted: CACHEDIR.TAG
Deleted: debug/incremental/file_sync-0hcms1xdx1qtq/s-h2uiverqtj-01oqcmn-18abh6amdq32rmi5f9n9ojj72/1bolc12246ny95jsvyx7cmo09.o
Deleted: debug/.fingerprint/file-sync-7c5c02c22ab0a8ea/invoked.timestamp
Deleted: debug/incremental/file_sync-0hcms1xdx1qtq/s-h2uiverqtj-01oqcmn-18abh6amdq32rmi5f9n9ojj72/37dotbpna3nit2hlnprmzsytk.o
Deleted: debug/deps/libwalkdir-380603b16d772d74.rmeta
Deleted: debug/incremental/file_sync-0hcms1xdx1qtq/s-h2uiverqtj-01oqcmn-18abh6amdq32rmi5f9n9ojj72/7nexr7pkx1kuprypm8q9tqel4.o
Deleted: debug/incremental/file_sync-0hcms1xdx1qtq/s-h2uiverqtj-01oqcmn-18abh6amdq32rmi5f9n9ojj72/di0oyfg7uy8srw9n2sz7dn6i7.o
Deleted: debug/incremental/file_sync-0hcms1xdx1qtq/s-h2uiverqtj-01oqcmn-18abh6amdq32rmi5f9n9ojj72/aj4w1wu7urr5j7zis2run0qrh.o
Deleted: debug/incremental/file_sync-0hcms1xdx1qtq/s-h2uiverqtj-01oqcmn-18abh6amdq32rmi5f9n9ojj72/7trz2ebz7refu3909ut7t0r6o.o
Deleted: debug/incremental/file_sync-0hcms1xdx1qtq/s-h2uiverqtj-01oqcmn-18abh6amdq32rmi5f9n9ojj72/3p1ggf757okc8ea89hs1unp39.o
Deleted: debug/.fingerprint/file-sync-ef80f64cc2a56fe6/bin-file-sync
Deleted: debug/incremental/file_sync-0hcms1xdx1qtq/s-h2uiverqtj-01oqcmn-18abh6amdq32rmi5f9n9ojj72/04se68y1h64i445nd67nmp0hm.o
Deleted: debug/incremental/file_sync-0hcms1xdx1qtq/s-h2uiverqtj-01oqcmn-18abh6amdq32rmi5f9n9ojj72/1rxfdmuh0l436dn7ebzqjzfo6.o
Deleted: debug/incremental/file_sync-0hcms1xdx1qtq/s-h2uiverqtj-01oqcmn-18abh6amdq32rmi5f9n9ojj72/1trjusa7z0eg7cjkydbdc0xld.o
Deleted: debug/incremental/file_sync-0hcms1xdx1qtq/s-h2uiverqtj-01oqcmn-18abh6amdq32rmi5f9n9ojj72/cy5iuyhy9a3h0rovzhq4bqkzv.o
Deleted: debug/.fingerprint/walkdir-380603b16d772d74/lib-walkdir.json
Deleted: debug/incremental/file_sync-0hcms1xdx1qtq/s-h2uiverqtj-01oqcmn-18abh6amdq32rmi5f9n9ojj72/2jac7hg30u8sqgkktw0pegg4j.o
Deleted: debug/incremental/file_sync-0hcms1xdx1qtq/s-h2uiverqtj-01oqcmn-18abh6amdq32rmi5f9n9ojj72/8xf2owi3ey38kjaqds7ahrgtu.o
Deleted: debug/deps/file_sync-ef80f64cc2a56fe6.d
Deleted: debug/incremental/file_sync-0hcms1xdx1qtq/s-h2uiverqtj-01oqcmn-18abh6amdq32rmi5f9n9ojj72/80h82hud0n67cvfihza67sgwc.o
Deleted: debug/.fingerprint/walkdir-1dd1923acd2c1bf5/lib-walkdir
Deleted: debug/.fingerprint/walkdir-1dd1923acd2c1bf5/lib-walkdir.json
Deleted: debug/file-sync
Deleted: debug/incremental/file_sync-0hcms1xdx1qtq/s-h2uiverqtj-01oqcmn-18abh6amdq32rmi5f9n9ojj72/dqsmtvw48t7fiwp5j6tk6zr2p.o
Deleted: debug/.fingerprint/file-sync-ef80f64cc2a56fe6/bin-file-sync.json
Deleted: debug/.fingerprint/file-sync-b1da40daf1aca4a1/invoked.timestamp
Deleted: debug/incremental/file_sync-0hcms1xdx1qtq/s-h2uiverqtj-01oqcmn-18abh6amdq32rmi5f9n9ojj72/0zzc6h87d2a8xbgpn5ya9pfnj.o
Deleted: debug/.fingerprint/same-file-bdfe0997754dbdef/lib-same_file.json
Deleted: debug/deps/walkdir-380603b16d772d74.d
Deleted: debug/incremental/file_sync-0hcms1xdx1qtq/s-h2uiverqtj-01oqcmn-18abh6amdq32rmi5f9n9ojj72/c6pybpgvhwc99a55s9n42m4jg.o
Deleted: debug/incremental/file_sync-0hcms1xdx1qtq/s-h2uiverqtj-01oqcmn-18abh6amdq32rmi5f9n9ojj72/d1s3x5k91xf9iww8ha9b7osfx.o
Deleted: debug/incremental/file_sync-0hcms1xdx1qtq/s-h2uiverqtj-01oqcmn-18abh6amdq32rmi5f9n9ojj72/aagfh8kle99xdsdtannj1g191.o
Deleted: debug/incremental/file_sync-0hcms1xdx1qtq/s-h2uiverqtj-01oqcmn-18abh6amdq32rmi5f9n9ojj72/b1i7aoo2ix1riz8gamxeebanw.o
Deleted: debug/incremental/file_sync-0hcms1xdx1qtq/s-h2uiverqtj-01oqcmn-18abh6amdq32rmi5f9n9ojj72/276z9mmpkyonc6qrk5t4bzw7j.o
Deleted: debug/.cargo-lock
Deleted: debug/incremental/file_sync-1zgzzmhgskd8v/s-h2uivdim4k-0t36zvb.lock
Deleted: debug/.fingerprint/file-sync-b1da40daf1aca4a1/bin-file-sync.json
Deleted: debug/.fingerprint/file-sync-ef80f64cc2a56fe6/output-bin-file-sync
Deleted: debug/incremental/file_sync-32wa1fykk3g9e/s-h2uivdim4v-12jqzw1-8ht7xr0fokmttm9fdqugr02l5/query-cache.bin
Deleted: debug/file-sync.d
Deleted: debug/incremental/file_sync-0hcms1xdx1qtq/s-h2uiverqtj-01oqcmn-18abh6amdq32rmi5f9n9ojj72/2vl93i7bre3j8ry1cpio2o4bg.o
Deleted: debug/incremental/file_sync-1zgzzmhgskd8v/s-h2uivdim4k-0t36zvb-0n3xycg4gxd9qx3ysczoxf42i/dep-graph.bin
Deleted: debug/.fingerprint/file-sync-ef80f64cc2a56fe6/dep-bin-file-sync
Deleted: debug/incremental/file_sync-0hcms1xdx1qtq/s-h2uiverqtj-01oqcmn-18abh6amdq32rmi5f9n9ojj72/4o8a0dyv0n54ioddef7n4sa6c.o
Deleted: debug/incremental/file_sync-32wa1fykk3g9e/s-h2uivdim4v-12jqzw1-8ht7xr0fokmttm9fdqugr02l5/work-products.bin
Deleted: debug/deps/same_file-5669399e58eccd84.d
Deleted: debug/.fingerprint/same-file-5669399e58eccd84/lib-same_file.json
Deleted: debug/incremental/file_sync-0hcms1xdx1qtq/s-h2uiverqtj-01oqcmn-18abh6amdq32rmi5f9n9ojj72/8phxvi48xi35x0qea0dxtiw6t.o
Deleted: debug/incremental/file_sync-0hcms1xdx1qtq/s-h2uiverqtj-01oqcmn-18abh6amdq32rmi5f9n9ojj72/czgcefu5wc2m5cgr52qowqyis.o
Deleted: debug/incremental/file_sync-32wa1fykk3g9e/s-h2uivdim4v-12jqzw1-8ht7xr0fokmttm9fdqugr02l5/dep-graph.bin
Deleted: debug/incremental/file_sync-0hcms1xdx1qtq/s-h2uiverqtj-01oqcmn-18abh6amdq32rmi5f9n9ojj72/466h291ipqper33d8edfkvwcw.o
Deleted: debug/.fingerprint/file-sync-7c5c02c22ab0a8ea/output-test-bin-file-sync
Deleted: debug/incremental/file_sync-0hcms1xdx1qtq/s-h2uiverqtj-01oqcmn-18abh6amdq32rmi5f9n9ojj72/186r9pupn8cqn93ttu3yop8m6.o
Deleted: debug/incremental/file_sync-0hcms1xdx1qtq/s-h2uiverqtj-01oqcmn-18abh6amdq32rmi5f9n9ojj72/90i9xxqoflqlglyws0wjio5wi.o
Deleted: debug/incremental/file_sync-0hcms1xdx1qtq/s-h2uiverqtj-01oqcmn-18abh6amdq32rmi5f9n9ojj72/cl7pkj9bibe16z6pk8o1rcs4w.o
Deleted: debug/incremental/file_sync-0hcms1xdx1qtq/s-h2uiverqtj-01oqcmn-18abh6amdq32rmi5f9n9ojj72/91p1d6j4012ekx2ze842ftdfq.o
Deleted: debug/.fingerprint/file-sync-b1da40daf1aca4a1/bin-file-sync
Deleted: debug/.fingerprint/same-file-5669399e58eccd84/lib-same_file
Deleted: debug/incremental/file_sync-32wa1fykk3g9e/s-h2uivdim4v-12jqzw1.lock
Deleted: debug/incremental/file_sync-0hcms1xdx1qtq/s-h2uiverqtj-01oqcmn-18abh6amdq32rmi5f9n9ojj72/acqnwdjlynweijbrhp50p68h7.o
Deleted: debug/incremental/file_sync-0hcms1xdx1qtq/s-h2uiverqtj-01oqcmn-18abh6amdq32rmi5f9n9ojj72/35s72qb8rae363nh8s5yfuj9o.o
Deleted: debug/incremental/file_sync-0hcms1xdx1qtq/s-h2uiverqtj-01oqcmn-18abh6amdq32rmi5f9n9ojj72/2wqdyxvhlh8414juglom1t7sa.o
Deleted: debug/.fingerprint/same-file-5669399e58eccd84/invoked.timestamp
Deleted: debug/incremental/file_sync-0hcms1xdx1qtq/s-h2uiverqtj-01oqcmn-18abh6amdq32rmi5f9n9ojj72/4j2pw6mbr2gtputnafguzxdqm.o
Deleted: debug/incremental/file_sync-0hcms1xdx1qtq/s-h2uiverqtj-01oqcmn-18abh6amdq32rmi5f9n9ojj72/27auvmaa04wxi38z2d0w23qn3.o
Deleted: debug/.fingerprint/walkdir-1dd1923acd2c1bf5/invoked.timestamp
Deleted: debug/incremental/file_sync-0hcms1xdx1qtq/s-h2uiverqtj-01oqcmn-18abh6amdq32rmi5f9n9ojj72/10ct9lpm02apa3yrp3a0h36qq.o
Deleted: debug/incremental/file_sync-0hcms1xdx1qtq/s-h2uiverqtj-01oqcmn-18abh6amdq32rmi5f9n9ojj72/8cpa1z17n68ivj80bdt1967a2.o
Deleted: .rustc_info.json
Deleted: debug/.fingerprint/file-sync-b1da40daf1aca4a1/output-bin-file-sync
Deleted: debug/incremental/file_sync-0hcms1xdx1qtq/s-h2uiverqtj-01oqcmn-18abh6amdq32rmi5f9n9ojj72/bow4qhuemm6lqu8p78heiojiw.o
Deleted: debug/deps/libsame_file-5669399e58eccd84.rlib
Deleted: debug/.fingerprint/walkdir-380603b16d772d74/dep-lib-walkdir
Deleted: debug/incremental/file_sync-0hcms1xdx1qtq/s-h2uiverqtj-01oqcmn-18abh6amdq32rmi5f9n9ojj72/917vc73dz10l7v3wxsmbjjv3q.o
Deleted: debug/incremental/file_sync-0hcms1xdx1qtq/s-h2uiverqtj-01oqcmn-18abh6amdq32rmi5f9n9ojj72/3smb2rnet28n0qglqk2fx2ti5.o
Deleted: debug/.fingerprint/same-file-5669399e58eccd84/lib-same_file.json
Deleted: debug/.fingerprint/same-file-5669399e58eccd84/dep-lib-same_file
Deleted: debug/incremental/file_sync-0hcms1xdx1qtq/s-h2uivra0xf-1ir307w-18abh6amdq32rmi5f9n9ojj72/35s72qb8rae363nh8s5yfuj9o.o
Deleted: debug/.cargo-lock
Deleted: debug/incremental/file_sync-0hcms1xdx1qtq/s-h2uivra0xf-1ir307w-18abh6amdq32rmi5f9n9ojj72/917vc73dz10l7v3wxsmbjjv3q.o
Deleted: debug/incremental/file_sync-0hcms1xdx1qtq/s-h2uivra0xf-1ir307w-18abh6amdq32rmi5f9n9ojj72/e96k0s00fkjx0i1ruhu2bvp1i.o
Deleted: debug/.fingerprint/walkdir-1dd1923acd2c1bf5/lib-walkdir.json
Deleted: debug/incremental/file_sync-0hcms1xdx1qtq/s-h2uivra0xf-1ir307w-18abh6amdq32rmi5f9n9ojj72/7nq2hn52sc5yvwt9pqo5uab95.o
Deleted: debug/incremental/file_sync-0hcms1xdx1qtq/s-h2uivra0xf-1ir307w-18abh6amdq32rmi5f9n9ojj72/4j2pw6mbr2gtputnafguzxdqm.o
Deleted: debug/incremental/file_sync-0hcms1xdx1qtq/s-h2uivra0xf-1ir307w-18abh6amdq32rmi5f9n9ojj72/aj4w1wu7urr5j7zis2run0qrh.o
Deleted: debug/incremental/file_sync-0hcms1xdx1qtq/s-h2uivra0xf-1ir307w-18abh6amdq32rmi5f9n9ojj72/991mq2u9fq230nrpeii3ksp7l.o
Deleted: debug/incremental/file_sync-0hcms1xdx1qtq/s-h2uivra0xf-1ir307w-18abh6amdq32rmi5f9n9ojj72/10ct9lpm02apa3yrp3a0h36qq.o
Deleted: debug/incremental/file_sync-0hcms1xdx1qtq/s-h2uivra0xf-1ir307w-18abh6amdq32rmi5f9n9ojj72/4lrzz689noex0f921opixbh7w.o
Deleted: debug/.fingerprint/file-sync-ef80f64cc2a56fe6/dep-bin-file-sync
Deleted: debug/incremental/file_sync-0hcms1xdx1qtq/s-h2uivra0xf-1ir307w-18abh6amdq32rmi5f9n9ojj72/27auvmaa04wxi38z2d0w23qn3.o
Deleted: debug/incremental/file_sync-0hcms1xdx1qtq/s-h2uivra0xf-1ir307w-18abh6amdq32rmi5f9n9ojj72/dep-graph.bin
Deleted: debug/incremental/file_sync-0hcms1xdx1qtq/s-h2uivra0xf-1ir307w-18abh6amdq32rmi5f9n9ojj72/8nuk1orqnpjyx7qjurkn2mnln.o
Deleted: debug/incremental/file_sync-0hcms1xdx1qtq/s-h2uivra0xf-1ir307w-18abh6amdq32rmi5f9n9ojj72/7nexr7pkx1kuprypm8q9tqel4.o
Deleted: debug/incremental/file_sync-0hcms1xdx1qtq/s-h2uivra0xf-1ir307w-18abh6amdq32rmi5f9n9ojj72/betunkxlowoiurtvrzr3x9b46.o
Deleted: debug/incremental/file_sync-0hcms1xdx1qtq/s-h2uivra0xf-1ir307w-18abh6amdq32rmi5f9n9ojj72/9urb6dxm3a216ubgbviazoh5v.o
Deleted: debug/incremental/file_sync-0hcms1xdx1qtq/s-h2uivra0xf-1ir307w-18abh6amdq32rmi5f9n9ojj72/3smb2rnet28n0qglqk2fx2ti5.o
Deleted: CACHEDIR.TAG
Deleted: debug/incremental/file_sync-0hcms1xdx1qtq/s-h2uivra0xf-1ir307w-18abh6amdq32rmi5f9n9ojj72/0zzc6h87d2a8xbgpn5ya9pfnj.o
Deleted: debug/incremental/file_sync-0hcms1xdx1qtq/s-h2uivra0xf-1ir307w-18abh6amdq32rmi5f9n9ojj72/dpd4b2k857hrx00xleihyk76h.o
Deleted: .rustc_info.json
Deleted: debug/incremental/file_sync-0hcms1xdx1qtq/s-h2uivra0xf-1ir307w-18abh6amdq32rmi5f9n9ojj72/work-products.bin
Deleted: debug/deps/libsame_file-5669399e58eccd84.rmeta
Deleted: debug/file-sync.d
Deleted: debug/.fingerprint/walkdir-1dd1923acd2c1bf5/lib-walkdir
Deleted: debug/.fingerprint/walkdir-1dd1923acd2c1bf5/dep-lib-walkdir
Deleted: debug/incremental/file_sync-0hcms1xdx1qtq/s-h2uivra0xf-1ir307w-18abh6amdq32rmi5f9n9ojj72/276z9mmpkyonc6qrk5t4bzw7j.o
Deleted: debug/incremental/file_sync-0hcms1xdx1qtq/s-h2uivra0xf-1ir307w-18abh6amdq32rmi5f9n9ojj72/19wmek1fuasa1elgj5foun45f.o
Deleted: debug/incremental/file_sync-0hcms1xdx1qtq/s-h2uivra0xf-1ir307w-18abh6amdq32rmi5f9n9ojj72/8qr1gxmo7h1qohgwknxr7cnyc.o
Deleted: debug/deps/same_file-5669399e58eccd84.d
Deleted: debug/incremental/file_sync-0hcms1xdx1qtq/s-h2uivra0xf-1ir307w-18abh6amdq32rmi5f9n9ojj72/dshmvno1yzgv4na6uwfr46yb0.o
Deleted: debug/incremental/file_sync-0hcms1xdx1qtq/s-h2uivra0xf-1ir307w-18abh6amdq32rmi5f9n9ojj72/dx1izo3m5xwdbtavzw0orebc2.o
Deleted: debug/incremental/file_sync-0hcms1xdx1qtq/s-h2uivra0xf-1ir307w-18abh6amdq32rmi5f9n9ojj72/czgcefu5wc2m5cgr52qowqyis.o
Deleted: debug/incremental/file_sync-0hcms1xdx1qtq/s-h2uivra0xf-1ir307w-18abh6amdq32rmi5f9n9ojj72/04se68y1h64i445nd67nmp0hm.o
Deleted: debug/incremental/file_sync-0hcms1xdx1qtq/s-h2uivra0xf-1ir307w-18abh6amdq32rmi5f9n9ojj72/40myx1hclemh2hd9hmj6kb6v0.o
Deleted: debug/deps/libsame_file-5669399e58eccd84.rlib
Deleted: debug/incremental/file_sync-0hcms1xdx1qtq/s-h2uivra0xf-1ir307w-18abh6amdq32rmi5f9n9ojj72/1rxfdmuh0l436dn7ebzqjzfo6.o
Deleted: debug/incremental/file_sync-0hcms1xdx1qtq/s-h2uivra0xf-1ir307w-18abh6amdq32rmi5f9n9ojj72/cy5iuyhy9a3h0rovzhq4bqkzv.o
Deleted: debug/file-sync
Deleted: debug/incremental/file_sync-0hcms1xdx1qtq/s-h2uivra0xf-1ir307w-18abh6amdq32rmi5f9n9ojj72/3p1ggf757okc8ea89hs1unp39.o
Deleted: debug/incremental/file_sync-0hcms1xdx1qtq/s-h2uivra0xf-1ir307w-18abh6amdq32rmi5f9n9ojj72/4o8a0dyv0n54ioddef7n4sa6c.o
Deleted: debug/deps/libwalkdir-1dd1923acd2c1bf5.rmeta
Deleted: debug/.fingerprint/file-sync-ef80f64cc2a56fe6/invoked.timestamp
Deleted: debug/.fingerprint/file-sync-ef80f64cc2a56fe6/bin-file-sync
Deleted: debug/incremental/file_sync-0hcms1xdx1qtq/s-h2uivra0xf-1ir307w-18abh6amdq32rmi5f9n9ojj72/query-cache.bin
Deleted: debug/incremental/file_sync-0hcms1xdx1qtq/s-h2uivra0xf-1ir307w-18abh6amdq32rmi5f9n9ojj72/466h291ipqper33d8edfkvwcw.o
Deleted: debug/incremental/file_sync-0hcms1xdx1qtq/s-h2uivra0xf-1ir307w-18abh6amdq32rmi5f9n9ojj72/aagfh8kle99xdsdtannj1g191.o
Deleted: debug/.fingerprint/walkdir-1dd1923acd2c1bf5/invoked.timestamp
Deleted: debug/incremental/file_sync-0hcms1xdx1qtq/s-h2uivra0xf-1ir307w-18abh6amdq32rmi5f9n9ojj72/dg7y3uka4k8uzl9z58p13hc7o.o
Deleted: debug/incremental/file_sync-0hcms1xdx1qtq/s-h2uivra0xf-1ir307w-18abh6amdq32rmi5f9n9ojj72/eg0wiu01shvo9x9bd8qg6jqlm.o
Deleted: debug/incremental/file_sync-0hcms1xdx1qtq/s-h2uivra0xf-1ir307w-18abh6amdq32rmi5f9n9ojj72/8phxvi48xi35x0qea0dxtiw6t.o
Deleted: debug/incremental/file_sync-0hcms1xdx1qtq/s-h2uivra0xf-1ir307w-18abh6amdq32rmi5f9n9ojj72/2wqdyxvhlh8414juglom1t7sa.o
Deleted: debug/incremental/file_sync-0hcms1xdx1qtq/s-h2uivra0xf-1ir307w-18abh6amdq32rmi5f9n9ojj72/3bomkynmnw8j0j1ia06ta6oxz.o
Deleted: debug/.fingerprint/same-file-5669399e58eccd84/lib-same_file
Deleted: debug/incremental/file_sync-0hcms1xdx1qtq/s-h2uivra0xf-1ir307w-18abh6amdq32rmi5f9n9ojj72/cl7pkj9bibe16z6pk8o1rcs4w.o
Deleted: debug/incremental/file_sync-0hcms1xdx1qtq/s-h2uivra0xf-1ir307w-18abh6amdq32rmi5f9n9ojj72/dqsmtvw48t7fiwp5j6tk6zr2p.o
Deleted: debug/incremental/file_sync-0hcms1xdx1qtq/s-h2uivra0xf-1ir307w.lock
Deleted: debug/incremental/file_sync-0hcms1xdx1qtq/s-h2uivra0xf-1ir307w-18abh6amdq32rmi5f9n9ojj72/6fn3l8w0fq6pm9ogmuo3zs6zz.o
Deleted: debug/incremental/file_sync-0hcms1xdx1qtq/s-h2uivra0xf-1ir307w-18abh6amdq32rmi5f9n9ojj72/e7bmawr1l4v9xfzqad5st4yx8.o
Deleted: debug/incremental/file_sync-0hcms1xdx1qtq/s-h2uivra0xf-1ir307w-18abh6amdq32rmi5f9n9ojj72/245pwews5h5nhoiign46lzsjb.o
Deleted: debug/incremental/file_sync-0hcms1xdx1qtq/s-h2uivra0xf-1ir307w-18abh6amdq32rmi5f9n9ojj72/a6ozuid0rysgfj7dhiojoo6zn.o
Deleted: debug/incremental/file_sync-0hcms1xdx1qtq/s-h2uivra0xf-1ir307w-18abh6amdq32rmi5f9n9ojj72/8cpa1z17n68ivj80bdt1967a2.o
Deleted: debug/incremental/file_sync-0hcms1xdx1qtq/s-h2uivra0xf-1ir307w-18abh6amdq32rmi5f9n9ojj72/94scw1iagbyvd2a736vps3xql.o
Deleted: debug/incremental/file_sync-0hcms1xdx1qtq/s-h2uivra0xf-1ir307w-18abh6amdq32rmi5f9n9ojj72/186r9pupn8cqn93ttu3yop8m6.o
Deleted: debug/incremental/file_sync-0hcms1xdx1qtq/s-h2uivra0xf-1ir307w-18abh6amdq32rmi5f9n9ojj72/c7quyuec5uhhfmxmfrdsx05a2.o
Deleted: debug/incremental/file_sync-0hcms1xdx1qtq/s-h2uivra0xf-1ir307w-18abh6amdq32rmi5f9n9ojj72/2jac7hg30u8sqgkktw0pegg4j.o
Deleted: debug/incremental/file_sync-0hcms1xdx1qtq/s-h2uivra0xf-1ir307w-18abh6amdq32rmi5f9n9ojj72/ciwpoundlq9jdg02astew6at0.o
Deleted: debug/incremental/file_sync-0hcms1xdx1qtq/s-h2uivra0xf-1ir307w-18abh6amdq32rmi5f9n9ojj72/3tzbyzvzzegdp6b9n3ix2fwhq.o
Deleted: debug/incremental/file_sync-0hcms1xdx1qtq/s-h2uivra0xf-1ir307w-18abh6amdq32rmi5f9n9ojj72/d1s3x5k91xf9iww8ha9b7osfx.o
Deleted: debug/deps/libwalkdir-1dd1923acd2c1bf5.rlib
Deleted: debug/incremental/file_sync-0hcms1xdx1qtq/s-h2uivra0xf-1ir307w-18abh6amdq32rmi5f9n9ojj72/1trjusa7z0eg7cjkydbdc0xld.o
Deleted: debug/incremental/file_sync-0hcms1xdx1qtq/s-h2uivra0xf-1ir307w-18abh6amdq32rmi5f9n9ojj72/4pscnllmneubqhe0zbk5tunsk.o
Deleted: debug/incremental/file_sync-0hcms1xdx1qtq/s-h2uivra0xf-1ir307w-18abh6amdq32rmi5f9n9ojj72/50iyngb0xmta40guxqpyw31c5.o
Deleted: debug/incremental/file_sync-0hcms1xdx1qtq/s-h2uivra0xf-1ir307w-18abh6amdq32rmi5f9n9ojj72/2vl93i7bre3j8ry1cpio2o4bg.o
Deleted: debug/incremental/file_sync-0hcms1xdx1qtq/s-h2uivra0xf-1ir307w-18abh6amdq32rmi5f9n9ojj72/8xf2owi3ey38kjaqds7ahrgtu.o
Deleted: debug/incremental/file_sync-0hcms1xdx1qtq/s-h2uivra0xf-1ir307w-18abh6amdq32rmi5f9n9ojj72/dt9fg8y7cr4aalflxhmahfohg.o
Deleted: debug/incremental/file_sync-0hcms1xdx1qtq/s-h2uivra0xf-1ir307w-18abh6amdq32rmi5f9n9ojj72/f50n4o1hjwngf8abrz5zclijb.o
Deleted: debug/incremental/file_sync-0hcms1xdx1qtq/s-h2uivra0xf-1ir307w-18abh6amdq32rmi5f9n9ojj72/c6pybpgvhwc99a55s9n42m4jg.o
Deleted: debug/incremental/file_sync-0hcms1xdx1qtq/s-h2uivra0xf-1ir307w-18abh6amdq32rmi5f9n9ojj72/1bolc12246ny95jsvyx7cmo09.o
Deleted: debug/incremental/file_sync-0hcms1xdx1qtq/s-h2uivra0xf-1ir307w-18abh6amdq32rmi5f9n9ojj72/37dotbpna3nit2hlnprmzsytk.o
Deleted: debug/deps/walkdir-1dd1923acd2c1bf5.d
Deleted: debug/incremental/file_sync-0hcms1xdx1qtq/s-h2uivra0xf-1ir307w-18abh6amdq32rmi5f9n9ojj72/b1i7aoo2ix1riz8gamxeebanw.o
Deleted: debug/incremental/file_sync-0hcms1xdx1qtq/s-h2uivra0xf-1ir307w-18abh6amdq32rmi5f9n9ojj72/64rku7vyllpl22gu7mdlp94ax.o
Deleted: debug/incremental/file_sync-0hcms1xdx1qtq/s-h2uivra0xf-1ir307w-18abh6amdq32rmi5f9n9ojj72/am41w8klzs2l89v5u4xcvjocz.o
Deleted: debug/incremental/file_sync-0hcms1xdx1qtq/s-h2uivra0xf-1ir307w-18abh6amdq32rmi5f9n9ojj72/5pxvibvg0qwok84jl9si627av.o
Deleted: debug/.fingerprint/file-sync-ef80f64cc2a56fe6/bin-file-sync.json
Deleted: debug/.fingerprint/file-sync-ef80f64cc2a56fe6/output-bin-file-sync
Deleted: debug/incremental/file_sync-0hcms1xdx1qtq/s-h2uivra0xf-1ir307w-18abh6amdq32rmi5f9n9ojj72/acqnwdjlynweijbrhp50p68h7.o
Deleted: debug/incremental/file_sync-0hcms1xdx1qtq/s-h2uivra0xf-1ir307w-18abh6amdq32rmi5f9n9ojj72/bow4qhuemm6lqu8p78heiojiw.o
Deleted: debug/incremental/file_sync-0hcms1xdx1qtq/s-h2uivra0xf-1ir307w-18abh6amdq32rmi5f9n9ojj72/di0oyfg7uy8srw9n2sz7dn6i7.o
Deleted: debug/incremental/file_sync-0hcms1xdx1qtq/s-h2uivra0xf-1ir307w-18abh6amdq32rmi5f9n9ojj72/91p1d6j4012ekx2ze842ftdfq.o
Deleted: debug/deps/file_sync-ef80f64cc2a56fe6
Deleted: debug/incremental/file_sync-0hcms1xdx1qtq/s-h2uivra0xf-1ir307w-18abh6amdq32rmi5f9n9ojj72/80h82hud0n67cvfihza67sgwc.o
Deleted: debug/deps/file_sync-ef80f64cc2a56fe6.d
Deleted: debug/incremental/file_sync-0hcms1xdx1qtq/s-h2uivra0xf-1ir307w-18abh6amdq32rmi5f9n9ojj72/1zwkdobgvech6a5zzn2imki77.o
Deleted: debug/incremental/file_sync-0hcms1xdx1qtq/s-h2uivra0xf-1ir307w-18abh6amdq32rmi5f9n9ojj72/90i9xxqoflqlglyws0wjio5wi.o
Deleted: debug/incremental/file_sync-0hcms1xdx1qtq/s-h2uivra0xf-1ir307w-18abh6amdq32rmi5f9n9ojj72/ck2ye86bdwgnfclnovfshhqwr.o
Deleted: debug/.fingerprint/same-file-5669399e58eccd84/invoked.timestamp
Deleted: debug/incremental/file_sync-0hcms1xdx1qtq/s-h2uivra0xf-1ir307w-18abh6amdq32rmi5f9n9ojj72/7trz2ebz7refu3909ut7t0r6o.o
Deleted: debug/incremental/file_sync-0hcms1xdx1qtq/s-h2uiwugdop-0m26l7j-18abh6amdq32rmi5f9n9ojj72/query-cache.bin
Deleted: debug/incremental/file_sync-0hcms1xdx1qtq/s-h2uiwugdop-0m26l7j-18abh6amdq32rmi5f9n9ojj72/b1i7aoo2ix1riz8gamxeebanw.o
Deleted: debug/incremental/file_sync-0hcms1xdx1qtq/s-h2uiwugdop-0m26l7j-18abh6amdq32rmi5f9n9ojj72/466h291ipqper33d8edfkvwcw.o
Deleted: debug/.fingerprint/same-file-5669399e58eccd84/dep-lib-same_file
Deleted: debug/incremental/file_sync-0hcms1xdx1qtq/s-h2uiwugdop-0m26l7j-18abh6amdq32rmi5f9n9ojj72/186r9pupn8cqn93ttu3yop8m6.o
Deleted: debug/incremental/file_sync-0hcms1xdx1qtq/s-h2uiwugdop-0m26l7j-18abh6amdq32rmi5f9n9ojj72/1bolc12246ny95jsvyx7cmo09.o
Deleted: debug/incremental/file_sync-0hcms1xdx1qtq/s-h2uiwugdop-0m26l7j-18abh6amdq32rmi5f9n9ojj72/a6ozuid0rysgfj7dhiojoo6zn.o
Deleted: debug/incremental/file_sync-0hcms1xdx1qtq/s-h2uiwugdop-0m26l7j.lock
Deleted: debug/.fingerprint/file-sync-ef80f64cc2a56fe6/bin-file-sync.json
Deleted: debug/incremental/file_sync-0hcms1xdx1qtq/s-h2uiwugdop-0m26l7j-18abh6amdq32rmi5f9n9ojj72/aagfh8kle99xdsdtannj1g191.o
Deleted: debug/incremental/file_sync-0hcms1xdx1qtq/s-h2uiwugdop-0m26l7j-18abh6amdq32rmi5f9n9ojj72/276z9mmpkyonc6qrk5t4bzw7j.o
Deleted: debug/incremental/file_sync-0hcms1xdx1qtq/s-h2uiwugdop-0m26l7j-18abh6amdq32rmi5f9n9ojj72/4lrzz689noex0f921opixbh7w.o
Deleted: debug/incremental/file_sync-0hcms1xdx1qtq/s-h2uiwugdop-0m26l7j-18abh6amdq32rmi5f9n9ojj72/8xf2owi3ey38kjaqds7ahrgtu.o
Deleted: debug/incremental/file_sync-0hcms1xdx1qtq/s-h2uiwugdop-0m26l7j-18abh6amdq32rmi5f9n9ojj72/7trz2ebz7refu3909ut7t0r6o.o
Deleted: debug/incremental/file_sync-0hcms1xdx1qtq/s-h2uiwugdop-0m26l7j-18abh6amdq32rmi5f9n9ojj72/2vl93i7bre3j8ry1cpio2o4bg.o
Deleted: debug/incremental/file_sync-0hcms1xdx1qtq/s-h2uiwugdop-0m26l7j-18abh6amdq32rmi5f9n9ojj72/3smb2rnet28n0qglqk2fx2ti5.o
Deleted: debug/incremental/file_sync-0hcms1xdx1qtq/s-h2uiwugdop-0m26l7j-18abh6amdq32rmi5f9n9ojj72/eg0wiu01shvo9x9bd8qg6jqlm.o
Deleted: debug/incremental/file_sync-0hcms1xdx1qtq/s-h2uiwugdop-0m26l7j-18abh6amdq32rmi5f9n9ojj72/work-products.bin
Deleted: debug/.fingerprint/walkdir-1dd1923acd2c1bf5/lib-walkdir.json
Deleted: debug/incremental/file_sync-0hcms1xdx1qtq/s-h2uiwugdop-0m26l7j-18abh6amdq32rmi5f9n9ojj72/1rxfdmuh0l436dn7ebzqjzfo6.o
Deleted: debug/incremental/file_sync-0hcms1xdx1qtq/s-h2uiwugdop-0m26l7j-18abh6amdq32rmi5f9n9ojj72/e96k0s00fkjx0i1ruhu2bvp1i.o
Deleted: debug/deps/libsame_file-5669399e58eccd84.rlib
Deleted: debug/.fingerprint/same-file-5669399e58eccd84/invoked.timestamp
Deleted: debug/incremental/file_sync-0hcms1xdx1qtq/s-h2uiwugdop-0m26l7j-18abh6amdq32rmi5f9n9ojj72/917vc73dz10l7v3wxsmbjjv3q.o
Deleted: debug/.fingerprint/same-file-5669399e58eccd84/lib-same_file
Deleted: debug/incremental/file_sync-0hcms1xdx1qtq/s-h2uiwugdop-0m26l7j-18abh6amdq32rmi5f9n9ojj72/35s72qb8rae363nh8s5yfuj9o.o
Deleted: debug/incremental/file_sync-0hcms1xdx1qtq/s-h2uiwugdop-0m26l7j-18abh6amdq32rmi5f9n9ojj72/bow4qhuemm6lqu8p78heiojiw.o
Deleted: debug/incremental/file_sync-0hcms1xdx1qtq/s-h2uiwugdop-0m26l7j-18abh6amdq32rmi5f9n9ojj72/betunkxlowoiurtvrzr3x9b46.o
Deleted: debug/incremental/file_sync-0hcms1xdx1qtq/s-h2uiwugdop-0m26l7j-18abh6amdq32rmi5f9n9ojj72/8phxvi48xi35x0qea0dxtiw6t.o
Deleted: debug/incremental/file_sync-0hcms1xdx1qtq/s-h2uiwugdop-0m26l7j-18abh6amdq32rmi5f9n9ojj72/8cpa1z17n68ivj80bdt1967a2.o
Deleted: debug/incremental/file_sync-0hcms1xdx1qtq/s-h2uiwugdop-0m26l7j-18abh6amdq32rmi5f9n9ojj72/90i9xxqoflqlglyws0wjio5wi.o
Deleted: debug/incremental/file_sync-0hcms1xdx1qtq/s-h2uiwugdop-0m26l7j-18abh6amdq32rmi5f9n9ojj72/ciwpoundlq9jdg02astew6at0.o
Deleted: debug/incremental/file_sync-0hcms1xdx1qtq/s-h2uiwugdop-0m26l7j-18abh6amdq32rmi5f9n9ojj72/245pwews5h5nhoiign46lzsjb.o
Deleted: debug/incremental/file_sync-0hcms1xdx1qtq/s-h2uiwugdop-0m26l7j-18abh6amdq32rmi5f9n9ojj72/dt9fg8y7cr4aalflxhmahfohg.o
Deleted: debug/incremental/file_sync-0hcms1xdx1qtq/s-h2uiwugdop-0m26l7j-18abh6amdq32rmi5f9n9ojj72/c7quyuec5uhhfmxmfrdsx05a2.o
Deleted: debug/incremental/file_sync-0hcms1xdx1qtq/s-h2uiwugdop-0m26l7j-18abh6amdq32rmi5f9n9ojj72/dqsmtvw48t7fiwp5j6tk6zr2p.o
Deleted: debug/incremental/file_sync-0hcms1xdx1qtq/s-h2uiwugdop-0m26l7j-18abh6amdq32rmi5f9n9ojj72/10ct9lpm02apa3yrp3a0h36qq.o
Deleted: debug/incremental/file_sync-0hcms1xdx1qtq/s-h2uiwugdop-0m26l7j-18abh6amdq32rmi5f9n9ojj72/dpd4b2k857hrx00xleihyk76h.o
Deleted: debug/incremental/file_sync-0hcms1xdx1qtq/s-h2uiwugdop-0m26l7j-18abh6amdq32rmi5f9n9ojj72/4o8a0dyv0n54ioddef7n4sa6c.o
Deleted: debug/incremental/file_sync-0hcms1xdx1qtq/s-h2uiwugdop-0m26l7j-18abh6amdq32rmi5f9n9ojj72/8qr1gxmo7h1qohgwknxr7cnyc.o
Deleted: debug/.fingerprint/walkdir-1dd1923acd2c1bf5/dep-lib-walkdir
Deleted: debug/incremental/file_sync-0hcms1xdx1qtq/s-h2uiwugdop-0m26l7j-18abh6amdq32rmi5f9n9ojj72/4j2pw6mbr2gtputnafguzxdqm.o
Deleted: .rustc_info.json
Deleted: debug/.fingerprint/walkdir-1dd1923acd2c1bf5/invoked.timestamp
Deleted: debug/.fingerprint/file-sync-ef80f64cc2a56fe6/invoked.timestamp
Deleted: debug/incremental/file_sync-0hcms1xdx1qtq/s-h2uiwugdop-0m26l7j-18abh6amdq32rmi5f9n9ojj72/2wqdyxvhlh8414juglom1t7sa.o
Deleted: debug/file-sync
Deleted: debug/file-sync.d
Deleted: debug/incremental/file_sync-0hcms1xdx1qtq/s-h2uiwugdop-0m26l7j-18abh6amdq32rmi5f9n9ojj72/6fn3l8w0fq6pm9ogmuo3zs6zz.o
Deleted: debug/incremental/file_sync-0hcms1xdx1qtq/s-h2uiwugdop-0m26l7j-18abh6amdq32rmi5f9n9ojj72/64rku7vyllpl22gu7mdlp94ax.o
Deleted: debug/incremental/file_sync-0hcms1xdx1qtq/s-h2uiwugdop-0m26l7j-18abh6amdq32rmi5f9n9ojj72/dx1izo3m5xwdbtavzw0orebc2.o
Deleted: debug/incremental/file_sync-0hcms1xdx1qtq/s-h2uiwugdop-0m26l7j-18abh6amdq32rmi5f9n9ojj72/5pxvibvg0qwok84jl9si627av.o
Deleted: debug/incremental/file_sync-0hcms1xdx1qtq/s-h2uiwugdop-0m26l7j-18abh6amdq32rmi5f9n9ojj72/cl7pkj9bibe16z6pk8o1rcs4w.o
Deleted: debug/incremental/file_sync-0hcms1xdx1qtq/s-h2uiwugdop-0m26l7j-18abh6amdq32rmi5f9n9ojj72/991mq2u9fq230nrpeii3ksp7l.o
Deleted: debug/deps/libwalkdir-1dd1923acd2c1bf5.rlib
Deleted: debug/incremental/file_sync-0hcms1xdx1qtq/s-h2uiwugdop-0m26l7j-18abh6amdq32rmi5f9n9ojj72/aj4w1wu7urr5j7zis2run0qrh.o
Deleted: debug/incremental/file_sync-0hcms1xdx1qtq/s-h2uiwugdop-0m26l7j-18abh6amdq32rmi5f9n9ojj72/9urb6dxm3a216ubgbviazoh5v.o
Deleted: debug/deps/libwalkdir-1dd1923acd2c1bf5.rmeta
Deleted: debug/incremental/file_sync-0hcms1xdx1qtq/s-h2uiwugdop-0m26l7j-18abh6amdq32rmi5f9n9ojj72/19wmek1fuasa1elgj5foun45f.o
Deleted: debug/incremental/file_sync-0hcms1xdx1qtq/s-h2uiwugdop-0m26l7j-18abh6amdq32rmi5f9n9ojj72/3bomkynmnw8j0j1ia06ta6oxz.o
Deleted: debug/incremental/file_sync-0hcms1xdx1qtq/s-h2uiwugdop-0m26l7j-18abh6amdq32rmi5f9n9ojj72/acqnwdjlynweijbrhp50p68h7.o
Deleted: debug/incremental/file_sync-0hcms1xdx1qtq/s-h2uiwugdop-0m26l7j-18abh6amdq32rmi5f9n9ojj72/3tzbyzvzzegdp6b9n3ix2fwhq.o
Deleted: debug/incremental/file_sync-0hcms1xdx1qtq/s-h2uiwugdop-0m26l7j-18abh6amdq32rmi5f9n9ojj72/0zzc6h87d2a8xbgpn5ya9pfnj.o
Deleted: debug/incremental/file_sync-0hcms1xdx1qtq/s-h2uiwugdop-0m26l7j-18abh6amdq32rmi5f9n9ojj72/e7bmawr1l4v9xfzqad5st4yx8.o
Deleted: debug/incremental/file_sync-0hcms1xdx1qtq/s-h2uiwugdop-0m26l7j-18abh6amdq32rmi5f9n9ojj72/80h82hud0n67cvfihza67sgwc.o
Deleted: debug/incremental/file_sync-0hcms1xdx1qtq/s-h2uiwugdop-0m26l7j-18abh6amdq32rmi5f9n9ojj72/40myx1hclemh2hd9hmj6kb6v0.o
Deleted: debug/deps/file_sync-ef80f64cc2a56fe6
Deleted: debug/.fingerprint/walkdir-1dd1923acd2c1bf5/lib-walkdir
Deleted: debug/deps/walkdir-1dd1923acd2c1bf5.d
Deleted: debug/incremental/file_sync-0hcms1xdx1qtq/s-h2uiwugdop-0m26l7j-18abh6amdq32rmi5f9n9ojj72/cy5iuyhy9a3h0rovzhq4bqkzv.o
Deleted: debug/.fingerprint/same-file-5669399e58eccd84/lib-same_file.json
Deleted: debug/incremental/file_sync-0hcms1xdx1qtq/s-h2uiwugdop-0m26l7j-18abh6amdq32rmi5f9n9ojj72/di0oyfg7uy8srw9n2sz7dn6i7.o
Deleted: debug/incremental/file_sync-0hcms1xdx1qtq/s-h2uiwugdop-0m26l7j-18abh6amdq32rmi5f9n9ojj72/1zwkdobgvech6a5zzn2imki77.o
Deleted: debug/incremental/file_sync-0hcms1xdx1qtq/s-h2uiwugdop-0m26l7j-18abh6amdq32rmi5f9n9ojj72/f50n4o1hjwngf8abrz5zclijb.o
Deleted: debug/incremental/file_sync-0hcms1xdx1qtq/s-h2uiwugdop-0m26l7j-18abh6amdq32rmi5f9n9ojj72/dg7y3uka4k8uzl9z58p13hc7o.o
Deleted: debug/incremental/file_sync-0hcms1xdx1qtq/s-h2uiwugdop-0m26l7j-18abh6amdq32rmi5f9n9ojj72/7nexr7pkx1kuprypm8q9tqel4.o
Deleted: debug/incremental/file_sync-0hcms1xdx1qtq/s-h2uiwugdop-0m26l7j-18abh6amdq32rmi5f9n9ojj72/8nuk1orqnpjyx7qjurkn2mnln.o
Deleted: debug/incremental/file_sync-0hcms1xdx1qtq/s-h2uiwugdop-0m26l7j-18abh6amdq32rmi5f9n9ojj72/czgcefu5wc2m5cgr52qowqyis.o
Deleted: debug/incremental/file_sync-0hcms1xdx1qtq/s-h2uiwugdop-0m26l7j-18abh6amdq32rmi5f9n9ojj72/2jac7hg30u8sqgkktw0pegg4j.o
Deleted: debug/.cargo-lock
Deleted: debug/incremental/file_sync-0hcms1xdx1qtq/s-h2uiwugdop-0m26l7j-18abh6amdq32rmi5f9n9ojj72/dshmvno1yzgv4na6uwfr46yb0.o
Deleted: debug/deps/file_sync-ef80f64cc2a56fe6.d
Deleted: debug/.fingerprint/file-sync-ef80f64cc2a56fe6/dep-bin-file-sync
Deleted: debug/incremental/file_sync-0hcms1xdx1qtq/s-h2uiwugdop-0m26l7j-18abh6amdq32rmi5f9n9ojj72/27auvmaa04wxi38z2d0w23qn3.o
Deleted: debug/incremental/file_sync-0hcms1xdx1qtq/s-h2uiwugdop-0m26l7j-18abh6amdq32rmi5f9n9ojj72/c6pybpgvhwc99a55s9n42m4jg.o
Deleted: debug/deps/same_file-5669399e58eccd84.d
Deleted: debug/incremental/file_sync-0hcms1xdx1qtq/s-h2uiwugdop-0m26l7j-18abh6amdq32rmi5f9n9ojj72/d1s3x5k91xf9iww8ha9b7osfx.o
Deleted: debug/incremental/file_sync-0hcms1xdx1qtq/s-h2uiwugdop-0m26l7j-18abh6amdq32rmi5f9n9ojj72/94scw1iagbyvd2a736vps3xql.o
Deleted: debug/.fingerprint/file-sync-ef80f64cc2a56fe6/bin-file-sync
Deleted: debug/incremental/file_sync-0hcms1xdx1qtq/s-h2uiwugdop-0m26l7j-18abh6amdq32rmi5f9n9ojj72/04se68y1h64i445nd67nmp0hm.o
Deleted: debug/.fingerprint/file-sync-ef80f64cc2a56fe6/output-bin-file-sync
Deleted: debug/incremental/file_sync-0hcms1xdx1qtq/s-h2uiwugdop-0m26l7j-18abh6amdq32rmi5f9n9ojj72/dep-graph.bin
Deleted: debug/incremental/file_sync-0hcms1xdx1qtq/s-h2uiwugdop-0m26l7j-18abh6amdq32rmi5f9n9ojj72/7nq2hn52sc5yvwt9pqo5uab95.o
Deleted: debug/incremental/file_sync-0hcms1xdx1qtq/s-h2uiwugdop-0m26l7j-18abh6amdq32rmi5f9n9ojj72/3p1ggf757okc8ea89hs1unp39.o
Deleted: debug/incremental/file_sync-0hcms1xdx1qtq/s-h2uiwugdop-0m26l7j-18abh6amdq32rmi5f9n9ojj72/1trjusa7z0eg7cjkydbdc0xld.o
Deleted: debug/incremental/file_sync-0hcms1xdx1qtq/s-h2uiwugdop-0m26l7j-18abh6amdq32rmi5f9n9ojj72/4pscnllmneubqhe0zbk5tunsk.o
Deleted: debug/incremental/file_sync-0hcms1xdx1qtq/s-h2uiwugdop-0m26l7j-18abh6amdq32rmi5f9n9ojj72/37dotbpna3nit2hlnprmzsytk.o
Deleted: debug/incremental/file_sync-0hcms1xdx1qtq/s-h2uiwugdop-0m26l7j-18abh6amdq32rmi5f9n9ojj72/am41w8klzs2l89v5u4xcvjocz.o
Deleted: debug/incremental/file_sync-0hcms1xdx1qtq/s-h2uiwugdop-0m26l7j-18abh6amdq32rmi5f9n9ojj72/ck2ye86bdwgnfclnovfshhqwr.o
Deleted: debug/deps/libsame_file-5669399e58eccd84.rmeta
Deleted: debug/incremental/file_sync-0hcms1xdx1qtq/s-h2uiwugdop-0m26l7j-18abh6amdq32rmi5f9n9ojj72/91p1d6j4012ekx2ze842ftdfq.o
Deleted: debug/incremental/file_sync-0hcms1xdx1qtq/s-h2uiwugdop-0m26l7j-18abh6amdq32rmi5f9n9ojj72/50iyngb0xmta40guxqpyw31c5.o
Deleted: .rustc_info.json
Deleted: debug/deps/libwalkdir-1dd1923acd2c1bf5.rmeta
Deleted: debug/incremental/file_sync-0hcms1xdx1qtq/s-h2uizyxie2-094lfcl-18abh6amdq32rmi5f9n9ojj72/3p1ggf757okc8ea89hs1unp39.o
Deleted: debug/incremental/file_sync-0hcms1xdx1qtq/s-h2uizyxie2-094lfcl-18abh6amdq32rmi5f9n9ojj72/betunkxlowoiurtvrzr3x9b46.o
Deleted: debug/incremental/file_sync-0hcms1xdx1qtq/s-h2uizyxie2-094lfcl-18abh6amdq32rmi5f9n9ojj72/e96k0s00fkjx0i1ruhu2bvp1i.o
Deleted: debug/incremental/file_sync-0hcms1xdx1qtq/s-h2uizyxie2-094lfcl-18abh6amdq32rmi5f9n9ojj72/8phxvi48xi35x0qea0dxtiw6t.o
Deleted: debug/incremental/file_sync-0hcms1xdx1qtq/s-h2uizyxie2-094lfcl-18abh6amdq32rmi5f9n9ojj72/5pxvibvg0qwok84jl9si627av.o
Deleted: debug/incremental/file_sync-0hcms1xdx1qtq/s-h2uizyxie2-094lfcl-18abh6amdq32rmi5f9n9ojj72/ciwpoundlq9jdg02astew6at0.o
Deleted: debug/incremental/file_sync-0hcms1xdx1qtq/s-h2uizyxie2-094lfcl-18abh6amdq32rmi5f9n9ojj72/dpd4b2k857hrx00xleihyk76h.o
Deleted: debug/incremental/file_sync-0hcms1xdx1qtq/s-h2uizyxie2-094lfcl-18abh6amdq32rmi5f9n9ojj72/2jac7hg30u8sqgkktw0pegg4j.o
Deleted: debug/.fingerprint/file-sync-ef80f64cc2a56fe6/output-bin-file-sync
Deleted: debug/incremental/file_sync-0hcms1xdx1qtq/s-h2uizyxie2-094lfcl-18abh6amdq32rmi5f9n9ojj72/4pscnllmneubqhe0zbk5tunsk.o
Deleted: debug/.fingerprint/same-file-5669399e58eccd84/lib-same_file.json
Deleted: debug/incremental/file_sync-0hcms1xdx1qtq/s-h2uizyxie2-094lfcl-18abh6amdq32rmi5f9n9ojj72/aagfh8kle99xdsdtannj1g191.o
Deleted: debug/incremental/file_sync-0hcms1xdx1qtq/s-h2uizyxie2-094lfcl-18abh6amdq32rmi5f9n9ojj72/b1i7aoo2ix1riz8gamxeebanw.o
Deleted: debug/incremental/file_sync-0hcms1xdx1qtq/s-h2uizyxie2-094lfcl-18abh6amdq32rmi5f9n9ojj72/1rxfdmuh0l436dn7ebzqjzfo6.o
Deleted: debug/.fingerprint/file-sync-ef80f64cc2a56fe6/invoked.timestamp
Deleted: debug/incremental/file_sync-0hcms1xdx1qtq/s-h2uizyxie2-094lfcl-18abh6amdq32rmi5f9n9ojj72/1zwkdobgvech6a5zzn2imki77.o
Deleted: debug/incremental/file_sync-0hcms1xdx1qtq/s-h2uizyxie2-094lfcl-18abh6amdq32rmi5f9n9ojj72/d1s3x5k91xf9iww8ha9b7osfx.o
Deleted: debug/.fingerprint/walkdir-1dd1923acd2c1bf5/lib-walkdir
Deleted: debug/incremental/file_sync-0hcms1xdx1qtq/s-h2uizyxie2-094lfcl-18abh6amdq32rmi5f9n9ojj72/37dotbpna3nit2hlnprmzsytk.o
Deleted: debug/incremental/file_sync-0hcms1xdx1qtq/s-h2uizyxie2-094lfcl-18abh6amdq32rmi5f9n9ojj72/94scw1iagbyvd2a736vps3xql.o
Deleted: debug/incremental/file_sync-0hcms1xdx1qtq/s-h2uizyxie2-094lfcl-18abh6amdq32rmi5f9n9ojj72/4o8a0dyv0n54ioddef7n4sa6c.o
Deleted: debug/incremental/file_sync-0hcms1xdx1qtq/s-h2uizyxie2-094lfcl-18abh6amdq32rmi5f9n9ojj72/186r9pupn8cqn93ttu3yop8m6.o
Deleted: debug/incremental/file_sync-0hcms1xdx1qtq/s-h2uizyxie2-094lfcl-18abh6amdq32rmi5f9n9ojj72/04se68y1h64i445nd67nmp0hm.o
Deleted: debug/deps/same_file-5669399e58eccd84.d
Deleted: debug/incremental/file_sync-0hcms1xdx1qtq/s-h2uizyxie2-094lfcl-18abh6amdq32rmi5f9n9ojj72/ck2ye86bdwgnfclnovfshhqwr.o
Deleted: debug/incremental/file_sync-0hcms1xdx1qtq/s-h2uizyxie2-094lfcl-18abh6amdq32rmi5f9n9ojj72/dep-graph.bin
Deleted: debug/incremental/file_sync-0hcms1xdx1qtq/s-h2uizyxie2-094lfcl-18abh6amdq32rmi5f9n9ojj72/10ct9lpm02apa3yrp3a0h36qq.o
Deleted: debug/.fingerprint/same-file-5669399e58eccd84/invoked.timestamp
Deleted: debug/incremental/file_sync-0hcms1xdx1qtq/s-h2uizyxie2-094lfcl-18abh6amdq32rmi5f9n9ojj72/276z9mmpkyonc6qrk5t4bzw7j.o
Deleted: debug/incremental/file_sync-0hcms1xdx1qtq/s-h2uizyxie2-094lfcl-18abh6amdq32rmi5f9n9ojj72/35s72qb8rae363nh8s5yfuj9o.o
Deleted: debug/file-sync.d
Deleted: debug/incremental/file_sync-0hcms1xdx1qtq/s-h2uizyxie2-094lfcl-18abh6amdq32rmi5f9n9ojj72/7nexr7pkx1kuprypm8q9tqel4.o
Deleted: debug/incremental/file_sync-0hcms1xdx1qtq/s-h2uizyxie2-094lfcl-18abh6amdq32rmi5f9n9ojj72/dx1izo3m5xwdbtavzw0orebc2.o
Deleted: debug/incremental/file_sync-0hcms1xdx1qtq/s-h2uizyxie2-094lfcl-18abh6amdq32rmi5f9n9ojj72/czgcefu5wc2m5cgr52qowqyis.o
Deleted: debug/incremental/file_sync-0hcms1xdx1qtq/s-h2uizyxie2-094lfcl-18abh6amdq32rmi5f9n9ojj72/2vl93i7bre3j8ry1cpio2o4bg.o
Deleted: debug/incremental/file_sync-0hcms1xdx1qtq/s-h2uizyxie2-094lfcl-18abh6amdq32rmi5f9n9ojj72/27auvmaa04wxi38z2d0w23qn3.o
Deleted: debug/incremental/file_sync-0hcms1xdx1qtq/s-h2uizyxie2-094lfcl-18abh6amdq32rmi5f9n9ojj72/19wmek1fuasa1elgj5foun45f.o
Deleted: debug/incremental/file_sync-0hcms1xdx1qtq/s-h2uizyxie2-094lfcl-18abh6amdq32rmi5f9n9ojj72/7trz2ebz7refu3909ut7t0r6o.o
Deleted: debug/incremental/file_sync-0hcms1xdx1qtq/s-h2uizyxie2-094lfcl-18abh6amdq32rmi5f9n9ojj72/245pwews5h5nhoiign46lzsjb.o
Deleted: debug/incremental/file_sync-0hcms1xdx1qtq/s-h2uizyxie2-094lfcl-18abh6amdq32rmi5f9n9ojj72/8cpa1z17n68ivj80bdt1967a2.o
Deleted: debug/incremental/file_sync-0hcms1xdx1qtq/s-h2uizyxie2-094lfcl-18abh6amdq32rmi5f9n9ojj72/dshmvno1yzgv4na6uwfr46yb0.o
Deleted: debug/incremental/file_sync-0hcms1xdx1qtq/s-h2uizyxie2-094lfcl-18abh6amdq32rmi5f9n9ojj72/7nq2hn52sc5yvwt9pqo5uab95.o
Deleted: debug/incremental/file_sync-0hcms1xdx1qtq/s-h2uizyxie2-094lfcl-18abh6amdq32rmi5f9n9ojj72/8nuk1orqnpjyx7qjurkn2mnln.o
Deleted: debug/incremental/file_sync-0hcms1xdx1qtq/s-h2uizyxie2-094lfcl-18abh6amdq32rmi5f9n9ojj72/cl7pkj9bibe16z6pk8o1rcs4w.o
Deleted: debug/incremental/file_sync-0hcms1xdx1qtq/s-h2uizyxie2-094lfcl-18abh6amdq32rmi5f9n9ojj72/0zzc6h87d2a8xbgpn5ya9pfnj.o
Deleted: debug/incremental/file_sync-0hcms1xdx1qtq/s-h2uizyxie2-094lfcl-18abh6amdq32rmi5f9n9ojj72/8xf2owi3ey38kjaqds7ahrgtu.o
Deleted: debug/incremental/file_sync-0hcms1xdx1qtq/s-h2uizyxie2-094lfcl-18abh6amdq32rmi5f9n9ojj72/991mq2u9fq230nrpeii3ksp7l.o
Deleted: debug/incremental/file_sync-0hcms1xdx1qtq/s-h2uizyxie2-094lfcl-18abh6amdq32rmi5f9n9ojj72/f50n4o1hjwngf8abrz5zclijb.o
Deleted: debug/incremental/file_sync-0hcms1xdx1qtq/s-h2uizyxie2-094lfcl-18abh6amdq32rmi5f9n9ojj72/8qr1gxmo7h1qohgwknxr7cnyc.o
Deleted: debug/incremental/file_sync-0hcms1xdx1qtq/s-h2uizyxie2-094lfcl-18abh6amdq32rmi5f9n9ojj72/4lrzz689noex0f921opixbh7w.o
Deleted: debug/incremental/file_sync-0hcms1xdx1qtq/s-h2uizyxie2-094lfcl-18abh6amdq32rmi5f9n9ojj72/3tzbyzvzzegdp6b9n3ix2fwhq.o
Deleted: debug/incremental/file_sync-0hcms1xdx1qtq/s-h2uizyxie2-094lfcl-18abh6amdq32rmi5f9n9ojj72/aj4w1wu7urr5j7zis2run0qrh.o
Deleted: debug/.fingerprint/walkdir-1dd1923acd2c1bf5/invoked.timestamp
Deleted: debug/incremental/file_sync-0hcms1xdx1qtq/s-h2uizyxie2-094lfcl-18abh6amdq32rmi5f9n9ojj72/9urb6dxm3a216ubgbviazoh5v.o
Deleted: debug/.fingerprint/walkdir-1dd1923acd2c1bf5/dep-lib-walkdir
Deleted: debug/incremental/file_sync-0hcms1xdx1qtq/s-h2uizyxie2-094lfcl-18abh6amdq32rmi5f9n9ojj72/2wqdyxvhlh8414juglom1t7sa.o
Deleted: debug/incremental/file_sync-0hcms1xdx1qtq/s-h2uizyxie2-094lfcl-18abh6amdq32rmi5f9n9ojj72/91p1d6j4012ekx2ze842ftdfq.o
Deleted: debug/incremental/file_sync-0hcms1xdx1qtq/s-h2uizyxie2-094lfcl-18abh6amdq32rmi5f9n9ojj72/64rku7vyllpl22gu7mdlp94ax.o
Deleted: debug/incremental/file_sync-0hcms1xdx1qtq/s-h2uizyxie2-094lfcl-18abh6amdq32rmi5f9n9ojj72/bow4qhuemm6lqu8p78heiojiw.o
Deleted: debug/deps/libwalkdir-1dd1923acd2c1bf5.rlib
Deleted: debug/.fingerprint/same-file-5669399e58eccd84/dep-lib-same_file
Deleted: debug/file-sync
Deleted: debug/incremental/file_sync-0hcms1xdx1qtq/s-h2uizyxie2-094lfcl-18abh6amdq32rmi5f9n9ojj72/cy5iuyhy9a3h0rovzhq4bqkzv.o
Deleted: debug/incremental/file_sync-0hcms1xdx1qtq/s-h2uizyxie2-094lfcl-18abh6amdq32rmi5f9n9ojj72/1trjusa7z0eg7cjkydbdc0xld.o
Deleted: debug/incremental/file_sync-0hcms1xdx1qtq/s-h2uizyxie2-094lfcl-18abh6amdq32rmi5f9n9ojj72/6fn3l8w0fq6pm9ogmuo3zs6zz.o
Deleted: debug/incremental/file_sync-0hcms1xdx1qtq/s-h2uizyxie2-094lfcl-18abh6amdq32rmi5f9n9ojj72/work-products.bin
Deleted: debug/incremental/file_sync-0hcms1xdx1qtq/s-h2uizyxie2-094lfcl-18abh6amdq32rmi5f9n9ojj72/a6ozuid0rysgfj7dhiojoo6zn.o
Deleted: debug/incremental/file_sync-0hcms1xdx1qtq/s-h2uizyxie2-094lfcl-18abh6amdq32rmi5f9n9ojj72/466h291ipqper33d8edfkvwcw.o
Deleted: debug/deps/walkdir-1dd1923acd2c1bf5.d
Deleted: debug/deps/file_sync-ef80f64cc2a56fe6
Deleted: debug/incremental/file_sync-0hcms1xdx1qtq/s-h2uizyxie2-094lfcl-18abh6amdq32rmi5f9n9ojj72/917vc73dz10l7v3wxsmbjjv3q.o
Deleted: debug/incremental/file_sync-0hcms1xdx1qtq/s-h2uizyxie2-094lfcl-18abh6amdq32rmi5f9n9ojj72/90i9xxqoflqlglyws0wjio5wi.o
Deleted: debug/incremental/file_sync-0hcms1xdx1qtq/s-h2uizyxie2-094lfcl-18abh6amdq32rmi5f9n9ojj72/dg7y3uka4k8uzl9z58p13hc7o.o
Deleted: debug/incremental/file_sync-0hcms1xdx1qtq/s-h2uizyxie2-094lfcl-18abh6amdq32rmi5f9n9ojj72/c6pybpgvhwc99a55s9n42m4jg.o
Deleted: debug/.fingerprint/file-sync-ef80f64cc2a56fe6/bin-file-sync
Deleted: debug/incremental/file_sync-0hcms1xdx1qtq/s-h2uizyxie2-094lfcl.lock
Deleted: debug/deps/libsame_file-5669399e58eccd84.rlib
Deleted: debug/incremental/file_sync-0hcms1xdx1qtq/s-h2uizyxie2-094lfcl-18abh6amdq32rmi5f9n9ojj72/eg0wiu01shvo9x9bd8qg6jqlm.o
Deleted: debug/incremental/file_sync-0hcms1xdx1qtq/s-h2uizyxie2-094lfcl-18abh6amdq32rmi5f9n9ojj72/query-cache.bin
Deleted: debug/incremental/file_sync-0hcms1xdx1qtq/s-h2uizyxie2-094lfcl-18abh6amdq32rmi5f9n9ojj72/1bolc12246ny95jsvyx7cmo09.o
Deleted: debug/deps/file_sync-ef80f64cc2a56fe6.d
Deleted: debug/incremental/file_sync-0hcms1xdx1qtq/s-h2uizyxie2-094lfcl-18abh6amdq32rmi5f9n9ojj72/acqnwdjlynweijbrhp50p68h7.o
Deleted: debug/incremental/file_sync-0hcms1xdx1qtq/s-h2uizyxie2-094lfcl-18abh6amdq32rmi5f9n9ojj72/c7quyuec5uhhfmxmfrdsx05a2.o
Deleted: debug/deps/libsame_file-5669399e58eccd84.rmeta
Deleted: debug/.cargo-lock
Deleted: debug/incremental/file_sync-0hcms1xdx1qtq/s-h2uizyxie2-094lfcl-18abh6amdq32rmi5f9n9ojj72/di0oyfg7uy8srw9n2sz7dn6i7.o
Deleted: debug/incremental/file_sync-0hcms1xdx1qtq/s-h2uizyxie2-094lfcl-18abh6amdq32rmi5f9n9ojj72/3smb2rnet28n0qglqk2fx2ti5.o
Deleted: debug/incremental/file_sync-0hcms1xdx1qtq/s-h2uizyxie2-094lfcl-18abh6amdq32rmi5f9n9ojj72/3bomkynmnw8j0j1ia06ta6oxz.o
Deleted: debug/incremental/file_sync-0hcms1xdx1qtq/s-h2uizyxie2-094lfcl-18abh6amdq32rmi5f9n9ojj72/e7bmawr1l4v9xfzqad5st4yx8.o
Deleted: debug/incremental/file_sync-0hcms1xdx1qtq/s-h2uizyxie2-094lfcl-18abh6amdq32rmi5f9n9ojj72/am41w8klzs2l89v5u4xcvjocz.o
Deleted: debug/.fingerprint/file-sync-ef80f64cc2a56fe6/dep-bin-file-sync
Deleted: debug/incremental/file_sync-0hcms1xdx1qtq/s-h2uizyxie2-094lfcl-18abh6amdq32rmi5f9n9ojj72/80h82hud0n67cvfihza67sgwc.o
Deleted: debug/incremental/file_sync-0hcms1xdx1qtq/s-h2uizyxie2-094lfcl-18abh6amdq32rmi5f9n9ojj72/40myx1hclemh2hd9hmj6kb6v0.o
Deleted: debug/.fingerprint/same-file-5669399e58eccd84/lib-same_file
Deleted: debug/incremental/file_sync-0hcms1xdx1qtq/s-h2uizyxie2-094lfcl-18abh6amdq32rmi5f9n9ojj72/50iyngb0xmta40guxqpyw31c5.o
Deleted: debug/.fingerprint/file-sync-ef80f64cc2a56fe6/bin-file-sync.json
Deleted: debug/.fingerprint/walkdir-1dd1923acd2c1bf5/lib-walkdir.json
Deleted: debug/incremental/file_sync-0hcms1xdx1qtq/s-h2uizyxie2-094lfcl-18abh6amdq32rmi5f9n9ojj72/4j2pw6mbr2gtputnafguzxdqm.o
Deleted: debug/incremental/file_sync-0hcms1xdx1qtq/s-h2uizyxie2-094lfcl-18abh6amdq32rmi5f9n9ojj72/dqsmtvw48t7fiwp5j6tk6zr2p.o
Deleted: debug/incremental/file_sync-0hcms1xdx1qtq/s-h2uizyxie2-094lfcl-18abh6amdq32rmi5f9n9ojj72/dt9fg8y7cr4aalflxhmahfohg.o
